         100
  -41.70000       138.3000      -1.000000    
  -41.70000       138.6778      -1.000000    
  -41.70000       139.0556      -1.000000    
  -41.70000       139.4333      -1.000000    
  -41.70000       139.8111      -1.000000    
  -41.70000       140.1889      -1.000000    
  -41.70000       140.5667      -1.000000    
  -41.70000       140.9444      -1.000000    
  -41.70000       141.3222      -1.000000    
  -41.70000       141.7000      -1.000000    
  -41.43333       138.3000      -1.000000    
  -41.43333       138.6778      -1.000000    
  -41.43333       139.0556      -1.000000    
  -41.43333       139.4333      -1.000000    
  -41.43333       139.8111      -1.000000    
  -41.43333       140.1889      -1.000000    
  -41.43333       140.5667      -1.000000    
  -41.43333       140.9444      -1.000000    
  -41.43333       141.3222      -1.000000    
  -41.43333       141.7000      -1.000000    
  -41.16667       138.3000      -1.000000    
  -41.16667       138.6778      -1.000000    
  -41.16667       139.0556      -1.000000    
  -41.16667       139.4333      -1.000000    
  -41.16667       139.8111      -1.000000    
  -41.16667       140.1889      -1.000000    
  -41.16667       140.5667      -1.000000    
  -41.16667       140.9444      -1.000000    
  -41.16667       141.3222      -1.000000    
  -41.16667       141.7000      -1.000000    
  -40.90000       138.3000      -1.000000    
  -40.90000       138.6778      -1.000000    
  -40.90000       139.0556      -1.000000    
  -40.90000       139.4333      -1.000000    
  -40.90000       139.8111      -1.000000    
  -40.90000       140.1889      -1.000000    
  -40.90000       140.5667      -1.000000    
  -40.90000       140.9444      -1.000000    
  -40.90000       141.3222      -1.000000    
  -40.90000       141.7000      -1.000000    
  -40.63334       138.3000      -1.000000    
  -40.63334       138.6778      -1.000000    
  -40.63334       139.0556      -1.000000    
  -40.63334       139.4333      -1.000000    
  -40.63334       139.8111      -1.000000    
  -40.63334       140.1889      -1.000000    
  -40.63334       140.5667      -1.000000    
  -40.63334       140.9444      -1.000000    
  -40.63334       141.3222      -1.000000    
  -40.63334       141.7000      -1.000000    
  -40.36666       138.3000      -1.000000    
  -40.36666       138.6778      -1.000000    
  -40.36666       139.0556      -1.000000    
  -40.36666       139.4333      -1.000000    
  -40.36666       139.8111      -1.000000    
  -40.36666       140.1889      -1.000000    
  -40.36666       140.5667      -1.000000    
  -40.36666       140.9444      -1.000000    
  -40.36666       141.3222      -1.000000    
  -40.36666       141.7000      -1.000000    
  -40.10000       138.3000      -1.000000    
  -40.10000       138.6778      -1.000000    
  -40.10000       139.0556      -1.000000    
  -40.10000       139.4333      -1.000000    
  -40.10000       139.8111      -1.000000    
  -40.10000       140.1889      -1.000000    
  -40.10000       140.5667      -1.000000    
  -40.10000       140.9444      -1.000000    
  -40.10000       141.3222      -1.000000    
  -40.10000       141.7000      -1.000000    
  -39.83333       138.3000      -1.000000    
  -39.83333       138.6778      -1.000000    
  -39.83333       139.0556      -1.000000    
  -39.83333       139.4333      -1.000000    
  -39.83333       139.8111      -1.000000    
  -39.83333       140.1889      -1.000000    
  -39.83333       140.5667      -1.000000    
  -39.83333       140.9444      -1.000000    
  -39.83333       141.3222      -1.000000    
  -39.83333       141.7000      -1.000000    
  -39.56667       138.3000      -1.000000    
  -39.56667       138.6778      -1.000000    
  -39.56667       139.0556      -1.000000    
  -39.56667       139.4333      -1.000000    
  -39.56667       139.8111      -1.000000    
  -39.56667       140.1889      -1.000000    
  -39.56667       140.5667      -1.000000    
  -39.56667       140.9444      -1.000000    
  -39.56667       141.3222      -1.000000    
  -39.56667       141.7000      -1.000000    
  -39.30000       138.3000      -1.000000    
  -39.30000       138.6778      -1.000000    
  -39.30000       139.0556      -1.000000    
  -39.30000       139.4333      -1.000000    
  -39.30000       139.8111      -1.000000    
  -39.30000       140.1889      -1.000000    
  -39.30000       140.5667      -1.000000    
  -39.30000       140.9444      -1.000000    
  -39.30000       141.3222      -1.000000    
  -39.30000       141.7000      -1.000000    
