         100
  -41.80000       140.2000      -1.000000    
  -41.80000       140.4889      -1.000000    
  -41.80000       140.7778      -1.000000    
  -41.80000       141.0667      -1.000000    
  -41.80000       141.3556      -1.000000    
  -41.80000       141.6444      -1.000000    
  -41.80000       141.9333      -1.000000    
  -41.80000       142.2222      -1.000000    
  -41.80000       142.5111      -1.000000    
  -41.80000       142.8000      -1.000000    
  -41.62222       140.2000      -1.000000    
  -41.62222       140.4889      -1.000000    
  -41.62222       140.7778      -1.000000    
  -41.62222       141.0667      -1.000000    
  -41.62222       141.3556      -1.000000    
  -41.62222       141.6444      -1.000000    
  -41.62222       141.9333      -1.000000    
  -41.62222       142.2222      -1.000000    
  -41.62222       142.5111      -1.000000    
  -41.62222       142.8000      -1.000000    
  -41.44444       140.2000      -1.000000    
  -41.44444       140.4889      -1.000000    
  -41.44444       140.7778      -1.000000    
  -41.44444       141.0667      -1.000000    
  -41.44444       141.3556      -1.000000    
  -41.44444       141.6444      -1.000000    
  -41.44444       141.9333      -1.000000    
  -41.44444       142.2222      -1.000000    
  -41.44444       142.5111      -1.000000    
  -41.44444       142.8000      -1.000000    
  -41.26667       140.2000      -1.000000    
  -41.26667       140.4889      -1.000000    
  -41.26667       140.7778      -1.000000    
  -41.26667       141.0667      -1.000000    
  -41.26667       141.3556      -1.000000    
  -41.26667       141.6444      -1.000000    
  -41.26667       141.9333      -1.000000    
  -41.26667       142.2222      -1.000000    
  -41.26667       142.5111      -1.000000    
  -41.26667       142.8000      -1.000000    
  -41.08889       140.2000      -1.000000    
  -41.08889       140.4889      -1.000000    
  -41.08889       140.7778      -1.000000    
  -41.08889       141.0667      -1.000000    
  -41.08889       141.3556      -1.000000    
  -41.08889       141.6444      -1.000000    
  -41.08889       141.9333      -1.000000    
  -41.08889       142.2222      -1.000000    
  -41.08889       142.5111      -1.000000    
  -41.08889       142.8000      -1.000000    
  -40.91111       140.2000      -1.000000    
  -40.91111       140.4889      -1.000000    
  -40.91111       140.7778      -1.000000    
  -40.91111       141.0667      -1.000000    
  -40.91111       141.3556      -1.000000    
  -40.91111       141.6444      -1.000000    
  -40.91111       141.9333      -1.000000    
  -40.91111       142.2222      -1.000000    
  -40.91111       142.5111      -1.000000    
  -40.91111       142.8000      -1.000000    
  -40.73333       140.2000      -1.000000    
  -40.73333       140.4889      -1.000000    
  -40.73333       140.7778      -1.000000    
  -40.73333       141.0667      -1.000000    
  -40.73333       141.3556      -1.000000    
  -40.73333       141.6444      -1.000000    
  -40.73333       141.9333      -1.000000    
  -40.73333       142.2222      -1.000000    
  -40.73333       142.5111      -1.000000    
  -40.73333       142.8000      -1.000000    
  -40.55556       140.2000      -1.000000    
  -40.55556       140.4889      -1.000000    
  -40.55556       140.7778      -1.000000    
  -40.55556       141.0667      -1.000000    
  -40.55556       141.3556      -1.000000    
  -40.55556       141.6444      -1.000000    
  -40.55556       141.9333      -1.000000    
  -40.55556       142.2222      -1.000000    
  -40.55556       142.5111      -1.000000    
  -40.55556       142.8000      -1.000000    
  -40.37778       140.2000      -1.000000    
  -40.37778       140.4889      -1.000000    
  -40.37778       140.7778      -1.000000    
  -40.37778       141.0667      -1.000000    
  -40.37778       141.3556      -1.000000    
  -40.37778       141.6444      -1.000000    
  -40.37778       141.9333      -1.000000    
  -40.37778       142.2222      -1.000000    
  -40.37778       142.5111      -1.000000    
  -40.37778       142.8000      -1.000000    
  -40.20000       140.2000      -1.000000    
  -40.20000       140.4889      -1.000000    
  -40.20000       140.7778      -1.000000    
  -40.20000       141.0667      -1.000000    
  -40.20000       141.3556      -1.000000    
  -40.20000       141.6444      -1.000000    
  -40.20000       141.9333      -1.000000    
  -40.20000       142.2222      -1.000000    
  -40.20000       142.5111      -1.000000    
  -40.20000       142.8000      -1.000000    
